[2017-03-18 13:33:08] Error handler.ERROR: Uncaught Exception Twig_Error_Syntax: "Unexpected end of template." at D:\odrive\Dropbox\scripts\naturskolan_database\templates\mail\changed_groups.twig line 62 {"exception":"[object] (Twig_Error_Syntax(code: 0): Unexpected end of template. at D:\\odrive\\Dropbox\\scripts\\naturskolan_database\\templates\\mail\\changed_groups.twig:62)"} []
[2017-03-18 13:37:37] Error handler.ERROR: Uncaught Exception Twig_Error_Syntax: "Unexpected end of template." at D:\odrive\Dropbox\scripts\naturskolan_database\templates\mail\changed_groups.twig line 62 {"exception":"[object] (Twig_Error_Syntax(code: 0): Unexpected end of template. at D:\\odrive\\Dropbox\\scripts\\naturskolan_database\\templates\\mail\\changed_groups.twig:62)"} []
[2017-03-18 18:46:32] Error handler.WARNING: E_WARNING: json_decode() expects parameter 1 to be string, array given {"code":2,"message":"json_decode() expects parameter 1 to be string, array given","file":"D:\\odrive\\Dropbox\\scripts\\naturskolan_database\\src\\Controller\\UpdateController.php","line":15} []
[2017-04-04 19:41:18] Error handler.ERROR: Uncaught Exception Error: "Call to undefined method Fridde\Controller\BatchController::set_visits()" at D:\odrive\Dropbox\scripts\naturskolan_database\src\Controller\BatchController.php line 28 {"exception":"[object] (Error(code: 0): Call to undefined method Fridde\\Controller\\BatchController::set_visits() at D:\\odrive\\Dropbox\\scripts\\naturskolan_database\\src\\Controller\\BatchController.php:28)"} []
[2017-04-04 19:43:42] Error handler.ERROR: Uncaught Exception Error: "Call to undefined method Fridde\Controller\BatchController::set_visits()" at D:\odrive\Dropbox\scripts\naturskolan_database\src\Controller\BatchController.php line 28 {"exception":"[object] (Error(code: 0): Call to undefined method Fridde\\Controller\\BatchController::set_visits() at D:\\odrive\\Dropbox\\scripts\\naturskolan_database\\src\\Controller\\BatchController.php:28)"} []
[2017-04-04 19:45:24] Error handler.ERROR: Uncaught Exception Error: "Call to undefined method Fridde\Controller\BatchController::set_visits()" at D:\odrive\Dropbox\scripts\naturskolan_database\src\Controller\BatchController.php line 28 {"exception":"[object] (Error(code: 0): Call to undefined method Fridde\\Controller\\BatchController::set_visits() at D:\\odrive\\Dropbox\\scripts\\naturskolan_database\\src\\Controller\\BatchController.php:28)"} []
[2017-04-04 19:45:49] Error handler.NOTICE: E_NOTICE: Undefined offset: 0 {"code":8,"message":"Undefined offset: 0","file":"D:\\odrive\\Dropbox\\scripts\\naturskolan_database\\src\\Entities\\CustomRepository.php","line":83} []
[2017-04-04 19:46:52] Error handler.ERROR: Uncaught Exception Doctrine\ORM\ORMException: "Unrecognized field: 5" at D:\odrive\Dropbox\scripts\naturskolan_database\vendor\doctrine\orm\lib\Doctrine\ORM\ORMException.php line 101 {"exception":"[object] (Doctrine\\ORM\\ORMException(code: 0): Unrecognized field: 5 at D:\\odrive\\Dropbox\\scripts\\naturskolan_database\\vendor\\doctrine\\orm\\lib\\Doctrine\\ORM\\ORMException.php:101)"} []
[2017-04-04 19:47:58] Error handler.NOTICE: E_NOTICE: Undefined offset: 0 {"code":8,"message":"Undefined offset: 0","file":"D:\\odrive\\Dropbox\\scripts\\naturskolan_database\\src\\Entities\\CustomRepository.php","line":83} []
[2017-04-04 19:51:29] Error handler.WARNING: E_WARNING: Illegal offset type in isset or empty {"code":2,"message":"Illegal offset type in isset or empty","file":"D:\\odrive\\Dropbox\\scripts\\naturskolan_database\\vendor\\doctrine\\orm\\lib\\Doctrine\\ORM\\Persisters\\SqlExpressionVisitor.php","line":70} []
[2017-04-04 19:52:12] Error handler.WARNING: E_WARNING: Illegal offset type in isset or empty {"code":2,"message":"Illegal offset type in isset or empty","file":"D:\\odrive\\Dropbox\\scripts\\naturskolan_database\\vendor\\doctrine\\orm\\lib\\Doctrine\\ORM\\Persisters\\SqlExpressionVisitor.php","line":70} []
[2017-04-04 19:56:19] Error handler.WARNING: E_WARNING: Illegal offset type in isset or empty {"code":2,"message":"Illegal offset type in isset or empty","file":"D:\\odrive\\Dropbox\\scripts\\naturskolan_database\\vendor\\doctrine\\orm\\lib\\Doctrine\\ORM\\Persisters\\SqlExpressionVisitor.php","line":70} []
[2017-04-04 19:57:39] Error handler.WARNING: E_WARNING: Illegal offset type in isset or empty {"code":2,"message":"Illegal offset type in isset or empty","file":"D:\\odrive\\Dropbox\\scripts\\naturskolan_database\\vendor\\doctrine\\orm\\lib\\Doctrine\\ORM\\Persisters\\SqlExpressionVisitor.php","line":70} []
[2017-04-04 20:14:42] Error handler.NOTICE: E_NOTICE: Undefined variable: grade {"code":8,"message":"Undefined variable: grade","file":"D:\\odrive\\Dropbox\\scripts\\naturskolan_database\\src\\Controller\\BatchController.php","line":55} []
[2017-04-04 20:38:30] Error handler.WARNING: E_WARNING: Illegal offset type in isset or empty {"code":2,"message":"Illegal offset type in isset or empty","file":"D:\\odrive\\Dropbox\\scripts\\naturskolan_database\\vendor\\doctrine\\orm\\lib\\Doctrine\\ORM\\Persisters\\SqlExpressionVisitor.php","line":70} []
[2017-04-04 20:38:30] Error handler.WARNING: E_WARNING: Illegal offset type in isset or empty {"code":2,"message":"Illegal offset type in isset or empty","file":"D:\\odrive\\Dropbox\\scripts\\naturskolan_database\\vendor\\doctrine\\orm\\lib\\Doctrine\\ORM\\Persisters\\Entity\\BasicEntityPersister.php","line":1650} []
[2017-04-04 20:38:30] Error handler.WARNING: E_WARNING: Illegal offset type in isset or empty {"code":2,"message":"Illegal offset type in isset or empty","file":"D:\\odrive\\Dropbox\\scripts\\naturskolan_database\\vendor\\doctrine\\orm\\lib\\Doctrine\\ORM\\Persisters\\SqlExpressionVisitor.php","line":70} []
[2017-04-04 20:38:30] Error handler.WARNING: E_WARNING: Illegal offset type in isset or empty {"code":2,"message":"Illegal offset type in isset or empty","file":"D:\\odrive\\Dropbox\\scripts\\naturskolan_database\\vendor\\doctrine\\orm\\lib\\Doctrine\\ORM\\Persisters\\Entity\\BasicEntityPersister.php","line":1658} []
[2017-04-04 20:38:30] Error handler.WARNING: E_WARNING: Illegal offset type in isset or empty {"code":2,"message":"Illegal offset type in isset or empty","file":"D:\\odrive\\Dropbox\\scripts\\naturskolan_database\\vendor\\doctrine\\orm\\lib\\Doctrine\\ORM\\Persisters\\SqlExpressionVisitor.php","line":70} []
[2017-04-04 20:38:30] Error handler.WARNING: E_WARNING: Illegal offset type in isset or empty {"code":2,"message":"Illegal offset type in isset or empty","file":"D:\\odrive\\Dropbox\\scripts\\naturskolan_database\\vendor\\doctrine\\orm\\lib\\Doctrine\\ORM\\Persisters\\Entity\\BasicEntityPersister.php","line":1650} []
[2017-04-04 20:38:30] Error handler.NOTICE: E_NOTICE: Array to string conversion {"code":8,"message":"Array to string conversion","file":"D:\\odrive\\Dropbox\\scripts\\naturskolan_database\\vendor\\doctrine\\orm\\lib\\Doctrine\\ORM\\ORMException.php","line":101} []
[2017-04-04 20:38:30] Error handler.WARNING: E_WARNING: Illegal offset type in isset or empty {"code":2,"message":"Illegal offset type in isset or empty","file":"D:\\odrive\\Dropbox\\scripts\\naturskolan_database\\vendor\\doctrine\\orm\\lib\\Doctrine\\ORM\\Persisters\\Entity\\BasicEntityPersister.php","line":1658} []
[2017-04-04 20:38:30] Error handler.WARNING: E_WARNING: Illegal offset type in isset or empty {"code":2,"message":"Illegal offset type in isset or empty","file":"D:\\odrive\\Dropbox\\scripts\\naturskolan_database\\vendor\\doctrine\\orm\\lib\\Doctrine\\ORM\\Persisters\\Entity\\BasicEntityPersister.php","line":1650} []
[2017-04-04 20:38:30] Error handler.NOTICE: E_NOTICE: Array to string conversion {"code":8,"message":"Array to string conversion","file":"D:\\odrive\\Dropbox\\scripts\\naturskolan_database\\vendor\\doctrine\\orm\\lib\\Doctrine\\ORM\\ORMException.php","line":101} []
[2017-04-04 20:38:30] Error handler.WARNING: E_WARNING: Illegal offset type in isset or empty {"code":2,"message":"Illegal offset type in isset or empty","file":"D:\\odrive\\Dropbox\\scripts\\naturskolan_database\\vendor\\doctrine\\orm\\lib\\Doctrine\\ORM\\Persisters\\Entity\\BasicEntityPersister.php","line":1658} []
[2017-04-04 20:38:30] Error handler.NOTICE: E_NOTICE: Array to string conversion {"code":8,"message":"Array to string conversion","file":"D:\\odrive\\Dropbox\\scripts\\naturskolan_database\\vendor\\doctrine\\orm\\lib\\Doctrine\\ORM\\ORMException.php","line":101} []
[2017-04-04 20:38:30] Error handler.WARNING: E_WARNING: Illegal offset type in isset or empty {"code":2,"message":"Illegal offset type in isset or empty","file":"D:\\odrive\\Dropbox\\scripts\\naturskolan_database\\vendor\\doctrine\\orm\\lib\\Doctrine\\ORM\\Persisters\\SqlExpressionVisitor.php","line":70} []
[2017-04-04 20:38:30] Error handler.WARNING: E_WARNING: Illegal offset type in isset or empty {"code":2,"message":"Illegal offset type in isset or empty","file":"D:\\odrive\\Dropbox\\scripts\\naturskolan_database\\vendor\\doctrine\\orm\\lib\\Doctrine\\ORM\\Persisters\\Entity\\BasicEntityPersister.php","line":1650} []
[2017-04-04 20:38:30] Error handler.WARNING: E_WARNING: Illegal offset type in isset or empty {"code":2,"message":"Illegal offset type in isset or empty","file":"D:\\odrive\\Dropbox\\scripts\\naturskolan_database\\vendor\\doctrine\\orm\\lib\\Doctrine\\ORM\\Persisters\\Entity\\BasicEntityPersister.php","line":1658} []
[2017-04-04 20:38:30] Error handler.WARNING: E_WARNING: Illegal offset type in isset or empty {"code":2,"message":"Illegal offset type in isset or empty","file":"D:\\odrive\\Dropbox\\scripts\\naturskolan_database\\vendor\\doctrine\\orm\\lib\\Doctrine\\ORM\\Persisters\\SqlExpressionVisitor.php","line":70} []
[2017-04-04 20:38:30] Error handler.NOTICE: E_NOTICE: Array to string conversion {"code":8,"message":"Array to string conversion","file":"D:\\odrive\\Dropbox\\scripts\\naturskolan_database\\vendor\\doctrine\\orm\\lib\\Doctrine\\ORM\\ORMException.php","line":101} []
[2017-04-04 20:38:30] Error handler.WARNING: E_WARNING: Illegal offset type in isset or empty {"code":2,"message":"Illegal offset type in isset or empty","file":"D:\\odrive\\Dropbox\\scripts\\naturskolan_database\\vendor\\doctrine\\orm\\lib\\Doctrine\\ORM\\Persisters\\Entity\\BasicEntityPersister.php","line":1650} []
[2017-04-04 20:38:30] Error handler.WARNING: E_WARNING: Illegal offset type in isset or empty {"code":2,"message":"Illegal offset type in isset or empty","file":"D:\\odrive\\Dropbox\\scripts\\naturskolan_database\\vendor\\doctrine\\orm\\lib\\Doctrine\\ORM\\Persisters\\Entity\\BasicEntityPersister.php","line":1658} []
[2017-04-04 20:38:30] Error handler.NOTICE: E_NOTICE: Array to string conversion {"code":8,"message":"Array to string conversion","file":"D:\\odrive\\Dropbox\\scripts\\naturskolan_database\\vendor\\doctrine\\orm\\lib\\Doctrine\\ORM\\ORMException.php","line":101} []
[2017-04-05 19:58:36] Error handler.INFO: {"entity_class":"School","entity_id":"cent","property":"VisitOrder","value":1} [] []
[2017-04-05 19:58:37] Error handler.INFO: {"entity_class":"School","entity_id":"edda","property":"VisitOrder","value":2} [] []
[2017-04-05 19:58:37] Error handler.INFO: {"entity_class":"School","entity_id":"berg","property":"VisitOrder","value":3} [] []
[2017-04-05 19:58:37] Error handler.INFO: {"entity_class":"School","entity_id":"ekil","property":"VisitOrder","value":4} [] []
[2017-04-05 19:58:37] Error handler.INFO: {"entity_class":"School","entity_id":"jose","property":"VisitOrder","value":5} [] []
[2017-04-05 19:58:37] Error handler.INFO: {"entity_class":"School","entity_id":"norr","property":"VisitOrder","value":6} [] []
[2017-04-05 19:58:37] Error handler.INFO: {"entity_class":"School","entity_id":"oden","property":"VisitOrder","value":7} [] []
[2017-04-05 19:58:37] Error handler.INFO: {"entity_class":"School","entity_id":"rabg","property":"VisitOrder","value":8} [] []
[2017-04-05 19:58:37] Error handler.INFO: {"entity_class":"School","entity_id":"olof","property":"VisitOrder","value":9} [] []
[2017-04-05 19:58:37] Error handler.INFO: {"entity_class":"School","entity_id":"pers","property":"VisitOrder","value":10} [] []
[2017-04-05 19:58:37] Error handler.INFO: {"entity_class":"School","entity_id":"gert","property":"VisitOrder","value":11} [] []
[2017-04-05 19:58:37] Error handler.INFO: {"entity_class":"School","entity_id":"saga","property":"VisitOrder","value":12} [] []
[2017-04-05 19:58:37] Error handler.INFO: {"entity_class":"School","entity_id":"sshl","property":"VisitOrder","value":13} [] []
[2017-04-05 19:58:37] Error handler.INFO: {"entity_class":"School","entity_id":"skep","property":"VisitOrder","value":14} [] []
[2017-04-05 19:58:37] Error handler.INFO: {"entity_class":"School","entity_id":"shoj","property":"VisitOrder","value":15} [] []
[2017-04-05 19:58:37] Error handler.INFO: {"entity_class":"School","entity_id":"gala","property":"VisitOrder","value":16} [] []
[2017-04-05 19:58:37] Error handler.INFO: {"entity_class":"School","entity_id":"satu","property":"VisitOrder","value":17} [] []
[2017-04-05 19:58:37] Error handler.INFO: {"entity_class":"School","entity_id":"ting","property":"VisitOrder","value":18} [] []
[2017-04-05 19:58:37] Error handler.INFO: {"entity_class":"School","entity_id":"vals","property":"VisitOrder","value":19} [] []
[2017-04-05 19:58:37] Error handler.INFO: {"entity_class":"School","entity_id":"vari","property":"VisitOrder","value":20} [] []
[2017-04-05 19:58:37] Error handler.INFO: {"entity_class":"School","entity_id":"gsar","property":"VisitOrder","value":21} [] []
[2017-04-05 19:58:37] Error handler.INFO: {"entity_class":"School","entity_id":"anna","property":"VisitOrder","value":22} [] []
[2017-04-05 19:58:37] Error handler.INFO: {"entity_class":"School","entity_id":"natu","property":"VisitOrder","value":23} [] []
[2017-04-05 19:59:00] Error handler.INFO: {"entity_class":"School","entity_id":"edda","property":"VisitOrder","value":1} [] []
[2017-04-05 19:59:01] Error handler.INFO: {"entity_class":"School","entity_id":"berg","property":"VisitOrder","value":2} [] []
[2017-04-05 19:59:01] Error handler.INFO: {"entity_class":"School","entity_id":"cent","property":"VisitOrder","value":3} [] []
[2017-04-05 19:59:01] Error handler.INFO: {"entity_class":"School","entity_id":"ekil","property":"VisitOrder","value":4} [] []
[2017-04-05 19:59:01] Error handler.INFO: {"entity_class":"School","entity_id":"jose","property":"VisitOrder","value":5} [] []
[2017-04-05 19:59:01] Error handler.INFO: {"entity_class":"School","entity_id":"norr","property":"VisitOrder","value":6} [] []
[2017-04-05 19:59:01] Error handler.INFO: {"entity_class":"School","entity_id":"oden","property":"VisitOrder","value":7} [] []
[2017-04-05 19:59:01] Error handler.INFO: {"entity_class":"School","entity_id":"rabg","property":"VisitOrder","value":8} [] []
[2017-04-05 19:59:01] Error handler.INFO: {"entity_class":"School","entity_id":"olof","property":"VisitOrder","value":9} [] []
[2017-04-05 19:59:01] Error handler.INFO: {"entity_class":"School","entity_id":"pers","property":"VisitOrder","value":10} [] []
[2017-04-05 19:59:01] Error handler.INFO: {"entity_class":"School","entity_id":"gert","property":"VisitOrder","value":11} [] []
[2017-04-05 19:59:01] Error handler.INFO: {"entity_class":"School","entity_id":"saga","property":"VisitOrder","value":12} [] []
[2017-04-05 19:59:01] Error handler.INFO: {"entity_class":"School","entity_id":"sshl","property":"VisitOrder","value":13} [] []
[2017-04-05 19:59:01] Error handler.INFO: {"entity_class":"School","entity_id":"skep","property":"VisitOrder","value":14} [] []
[2017-04-05 19:59:01] Error handler.INFO: {"entity_class":"School","entity_id":"shoj","property":"VisitOrder","value":15} [] []
[2017-04-05 19:59:01] Error handler.INFO: {"entity_class":"School","entity_id":"gala","property":"VisitOrder","value":16} [] []
[2017-04-05 19:59:01] Error handler.INFO: {"entity_class":"School","entity_id":"satu","property":"VisitOrder","value":17} [] []
[2017-04-05 19:59:01] Error handler.INFO: {"entity_class":"School","entity_id":"ting","property":"VisitOrder","value":18} [] []
[2017-04-05 19:59:01] Error handler.INFO: {"entity_class":"School","entity_id":"vals","property":"VisitOrder","value":19} [] []
[2017-04-05 19:59:01] Error handler.INFO: {"entity_class":"School","entity_id":"vari","property":"VisitOrder","value":20} [] []
[2017-04-05 19:59:01] Error handler.INFO: {"entity_class":"School","entity_id":"gsar","property":"VisitOrder","value":21} [] []
[2017-04-05 19:59:01] Error handler.INFO: {"entity_class":"School","entity_id":"anna","property":"VisitOrder","value":22} [] []
[2017-04-05 19:59:01] Error handler.INFO: {"entity_class":"School","entity_id":"natu","property":"VisitOrder","value":23} [] []
[2017-04-05 21:30:15] Error handler.WARNING: E_WARNING: usort() expects parameter 1 to be array, object given {"code":2,"message":"usort() expects parameter 1 to be array, object given","file":"D:\\odrive\\Dropbox\\scripts\\naturskolan_database\\src\\Entities\\VisitRepository.php","line":59} []
[2017-04-05 21:30:46] Error handler.WARNING: E_WARNING: array_filter() expects parameter 1 to be array, object given {"code":2,"message":"array_filter() expects parameter 1 to be array, object given","file":"D:\\odrive\\Dropbox\\scripts\\naturskolan_database\\src\\Controller\\ViewController.php","line":34} []
[2017-04-05 21:30:58] Error handler.WARNING: E_WARNING: Invalid argument supplied for foreach() {"code":2,"message":"Invalid argument supplied for foreach()","file":"D:\\odrive\\Dropbox\\scripts\\naturskolan_database\\src\\Controller\\ViewController.php","line":38} []
[2017-04-05 21:40:00] Error handler.ERROR: Uncaught Exception Error: "Call to undefined method Fridde\Entities\Visit::getGradeLabel()" at D:\odrive\Dropbox\scripts\naturskolan_database\src\Controller\ViewController.php line 39 {"exception":"[object] (Error(code: 0): Call to undefined method Fridde\\Entities\\Visit::getGradeLabel() at D:\\odrive\\Dropbox\\scripts\\naturskolan_database\\src\\Controller\\ViewController.php:39)"} []
[2017-04-05 21:41:46] Error handler.ERROR: Uncaught Exception Error: "Call to undefined method DoctrineProxies\__CG__\Fridde\Entities\Topic::getName()" at D:\odrive\Dropbox\scripts\naturskolan_database\src\Controller\ViewController.php line 41 {"exception":"[object] (Error(code: 0): Call to undefined method DoctrineProxies\\__CG__\\Fridde\\Entities\\Topic::getName() at D:\\odrive\\Dropbox\\scripts\\naturskolan_database\\src\\Controller\\ViewController.php:41)"} []
[2017-04-05 21:42:51] Error handler.ERROR: Uncaught Exception Error: "Call to undefined method Fridde\Controller\ViewController::getDate()" at D:\odrive\Dropbox\scripts\naturskolan_database\src\Controller\ViewController.php line 46 {"exception":"[object] (Error(code: 0): Call to undefined method Fridde\\Controller\\ViewController::getDate() at D:\\odrive\\Dropbox\\scripts\\naturskolan_database\\src\\Controller\\ViewController.php:46)"} []
[2017-04-05 21:43:35] Error handler.ERROR: Uncaught Exception Error: "Call to undefined method Carbon\Carbon::weekOfYear()" at D:\odrive\Dropbox\scripts\naturskolan_database\src\Controller\ViewController.php line 49 {"exception":"[object] (Error(code: 0): Call to undefined method Carbon\\Carbon::weekOfYear() at D:\\odrive\\Dropbox\\scripts\\naturskolan_database\\src\\Controller\\ViewController.php:49)"} []
[2017-04-05 21:44:17] Error handler.NOTICE: E_NOTICE: Undefined variable: r {"code":8,"message":"Undefined variable: r","file":"D:\\odrive\\Dropbox\\scripts\\naturskolan_database\\src\\Controller\\ViewController.php","line":52} []
[2017-04-05 21:44:55] Error handler.NOTICE: E_NOTICE: Undefined variable: r {"code":8,"message":"Undefined variable: r","file":"D:\\odrive\\Dropbox\\scripts\\naturskolan_database\\src\\Controller\\ViewController.php","line":52} []
[2017-04-05 22:02:57] Error handler.NOTICE: E_NOTICE: Undefined variable: v {"code":8,"message":"Undefined variable: v","file":"D:\\odrive\\Dropbox\\scripts\\naturskolan_database\\src\\Controller\\ViewController.php","line":81} []
[2017-04-05 22:03:45] Error handler.NOTICE: E_NOTICE: Undefined variable: v {"code":8,"message":"Undefined variable: v","file":"D:\\odrive\\Dropbox\\scripts\\naturskolan_database\\src\\Controller\\ViewController.php","line":81} []
[2017-04-05 22:03:56] Error handler.NOTICE: E_NOTICE: Undefined variable: calendar {"code":8,"message":"Undefined variable: calendar","file":"D:\\odrive\\Dropbox\\scripts\\naturskolan_database\\src\\Controller\\ViewController.php","line":47} []
[2017-04-05 22:04:41] Error handler.NOTICE: E_NOTICE: Undefined variable: date_strings {"code":8,"message":"Undefined variable: date_strings","file":"D:\\odrive\\Dropbox\\scripts\\naturskolan_database\\src\\Controller\\ViewController.php","line":48} []
[2017-04-11 11:42:38] Error handler.NOTICE: E_NOTICE: Undefined index: bus_order {"code":8,"message":"Undefined index: bus_order","file":"D:\\odrive\\Dropbox\\scripts\\naturskolan_database\\src\\Controller\\ViewController.php","line":25} []
[2017-04-11 11:43:43] Error handler.ERROR: Uncaught Exception Error: "Method name must be a string" at D:\odrive\Dropbox\scripts\naturskolan_database\src\Controller\ViewController.php line 26 {"exception":"[object] (Error(code: 0): Method name must be a string at D:\\odrive\\Dropbox\\scripts\\naturskolan_database\\src\\Controller\\ViewController.php:26)"} []
[2017-04-11 11:44:40] Error handler.ERROR: Uncaught Exception Error: "Call to undefined method Fridde\Controller\ViewController::getRealFutureVisits()" at D:\odrive\Dropbox\scripts\naturskolan_database\src\Controller\ViewController.php line 31 {"exception":"[object] (Error(code: 0): Call to undefined method Fridde\\Controller\\ViewController::getRealFutureVisits() at D:\\odrive\\Dropbox\\scripts\\naturskolan_database\\src\\Controller\\ViewController.php:31)"} []
[2017-04-11 13:03:34] Error handler.ERROR: Uncaught Exception Error: "Call to undefined method Fridde\Controller\ViewController::getRealFutureVisits()" at D:\odrive\Dropbox\scripts\naturskolan_database\src\Controller\ViewController.php line 31 {"exception":"[object] (Error(code: 0): Call to undefined method Fridde\\Controller\\ViewController::getRealFutureVisits() at D:\\odrive\\Dropbox\\scripts\\naturskolan_database\\src\\Controller\\ViewController.php:31)"} []
[2017-04-11 13:03:48] Error handler.ERROR: Uncaught Exception Error: "Call to undefined method Fridde\Controller\ViewController::getRealFutureVisits()" at D:\odrive\Dropbox\scripts\naturskolan_database\src\Controller\ViewController.php line 31 {"exception":"[object] (Error(code: 0): Call to undefined method Fridde\\Controller\\ViewController::getRealFutureVisits() at D:\\odrive\\Dropbox\\scripts\\naturskolan_database\\src\\Controller\\ViewController.php:31)"} []
[2017-04-14 15:41:21] Error handler.ERROR: Uncaught Exception Error: "Call to a member function getUsers() on null" at D:\odrive\Dropbox\scripts\naturskolan_database\src\Controller\SchoolController.php line 81 {"exception":"[object] (Error(code: 0): Call to a member function getUsers() on null at D:\\odrive\\Dropbox\\scripts\\naturskolan_database\\src\\Controller\\SchoolController.php:81)"} []
[2017-04-14 15:45:00] Error handler.ERROR: Uncaught Exception Error: "Call to a member function getUsers() on null" at D:\odrive\Dropbox\scripts\naturskolan_database\src\Controller\SchoolController.php line 81 {"exception":"[object] (Error(code: 0): Call to a member function getUsers() on null at D:\\odrive\\Dropbox\\scripts\\naturskolan_database\\src\\Controller\\SchoolController.php:81)"} []
